1781803892.087215 client started (323808): version 3.4, socket /tmp/tmux-1000/default, protocol 8
1781803892.087255 on Linux 6.18.33.1-microsoft-standard-WSL2 #1 SMP PREEMPT_DYNAMIC Fri Jun  5 01:12:21 UTC 2026
1781803892.087260 using libevent 2.1.12-stable poll
1781803892.087266 using ncurses 6.4 20240113
1781803892.087283 flags are 0x18010000
1781803892.088137 socket is /tmp/tmux-1000/default
1781803892.088170 trying connect
1781803892.088245 connect failed: No such file or directory
1781803892.088265 lock file is /tmp/tmux-1000/default.lock
1781803892.089248 flock succeeded
1781803892.089261 got lock (6)
1781803892.089279 trying connect
1781803892.089300 connect failed: No such file or directory
1781803892.089918 add peer 0x652771225230: 7 ((nil))
1781803892.091609 sending message 100 to peer 0x652771225230 (4 bytes)
1781803892.091627 sending message 111 to peer 0x652771225230 (8 bytes)
1781803892.091631 sending message 101 to peer 0x652771225230 (15 bytes)
1781803892.091635 sending message 109 to peer 0x652771225230 (4 bytes)
1781803892.091639 sending message 102 to peer 0x652771225230 (11 bytes)
1781803892.091642 sending message 108 to peer 0x652771225230 (36 bytes)
1781803892.091646 sending message 112 to peer 0x652771225230 (58 bytes)
1781803892.091650 sending message 112 to peer 0x652771225230 (5 bytes)
1781803892.091654 sending message 112 to peer 0x652771225230 (5 bytes)
1781803892.091658 sending message 112 to peer 0x652771225230 (6 bytes)
1781803892.091661 sending message 112 to peer 0x652771225230 (6 bytes)
1781803892.091665 sending message 112 to peer 0x652771225230 (11 bytes)
1781803892.091669 sending message 112 to peer 0x652771225230 (10 bytes)
1781803892.091672 sending message 112 to peer 0x652771225230 (13 bytes)
1781803892.091676 sending message 112 to peer 0x652771225230 (14 bytes)
1781803892.091679 sending message 112 to peer 0x652771225230 (19 bytes)
1781803892.091683 sending message 112 to peer 0x652771225230 (11 bytes)
1781803892.091686 sending message 112 to peer 0x652771225230 (10 bytes)
1781803892.091690 sending message 112 to peer 0x652771225230 (15 bytes)
1781803892.091694 sending message 112 to peer 0x652771225230 (21 bytes)
1781803892.091697 sending message 112 to peer 0x652771225230 (13 bytes)
1781803892.091701 sending message 112 to peer 0x652771225230 (7 bytes)
1781803892.091704 sending message 112 to peer 0x652771225230 (13 bytes)
1781803892.091708 sending message 112 to peer 0x652771225230 (7 bytes)
1781803892.091712 sending message 112 to peer 0x652771225230 (13 bytes)
1781803892.091715 sending message 112 to peer 0x652771225230 (9 bytes)
1781803892.091719 sending message 112 to peer 0x652771225230 (21 bytes)
1781803892.091722 sending message 112 to peer 0x652771225230 (13 bytes)
1781803892.091726 sending message 112 to peer 0x652771225230 (9 bytes)
1781803892.091729 sending message 112 to peer 0x652771225230 (16 bytes)
1781803892.091733 sending message 112 to peer 0x652771225230 (13 bytes)
1781803892.091737 sending message 112 to peer 0x652771225230 (9 bytes)
1781803892.091740 sending message 112 to peer 0x652771225230 (9 bytes)
1781803892.091744 sending message 112 to peer 0x652771225230 (12 bytes)
1781803892.091747 sending message 112 to peer 0x652771225230 (8 bytes)
1781803892.091751 sending message 112 to peer 0x652771225230 (8 bytes)
1781803892.091754 sending message 112 to peer 0x652771225230 (13 bytes)
1781803892.091758 sending message 112 to peer 0x652771225230 (7 bytes)
1781803892.091762 sending message 112 to peer 0x652771225230 (7 bytes)
1781803892.091765 sending message 112 to peer 0x652771225230 (9 bytes)
1781803892.091769 sending message 112 to peer 0x652771225230 (9 bytes)
1781803892.091772 sending message 112 to peer 0x652771225230 (15 bytes)
1781803892.091776 sending message 112 to peer 0x652771225230 (13 bytes)
1781803892.091780 sending message 112 to peer 0x652771225230 (12 bytes)
1781803892.091784 sending message 112 to peer 0x652771225230 (8 bytes)
1781803892.091787 sending message 112 to peer 0x652771225230 (14 bytes)
1781803892.091791 sending message 112 to peer 0x652771225230 (11 bytes)
1781803892.091808 sending message 112 to peer 0x652771225230 (9 bytes)
1781803892.091812 sending message 112 to peer 0x652771225230 (10 bytes)
1781803892.091815 sending message 112 to peer 0x652771225230 (10 bytes)
1781803892.091819 sending message 112 to peer 0x652771225230 (10 bytes)
1781803892.091822 sending message 112 to peer 0x652771225230 (10 bytes)
1781803892.091826 sending message 112 to peer 0x652771225230 (11 bytes)
1781803892.091829 sending message 112 to peer 0x652771225230 (12 bytes)
1781803892.091833 sending message 112 to peer 0x652771225230 (12 bytes)
1781803892.091837 sending message 112 to peer 0x652771225230 (12 bytes)
1781803892.091840 sending message 112 to peer 0x652771225230 (12 bytes)
1781803892.091844 sending message 112 to peer 0x652771225230 (12 bytes)
1781803892.091847 sending message 112 to peer 0x652771225230 (11 bytes)
1781803892.091851 sending message 112 to peer 0x652771225230 (11 bytes)
1781803892.091854 sending message 112 to peer 0x652771225230 (12 bytes)
1781803892.091858 sending message 112 to peer 0x652771225230 (12 bytes)
1781803892.091862 sending message 112 to peer 0x652771225230 (12 bytes)
1781803892.091865 sending message 112 to peer 0x652771225230 (12 bytes)
1781803892.091869 sending message 112 to peer 0x652771225230 (12 bytes)
1781803892.091872 sending message 112 to peer 0x652771225230 (9 bytes)
1781803892.091876 sending message 112 to peer 0x652771225230 (12 bytes)
1781803892.091879 sending message 112 to peer 0x652771225230 (13 bytes)
1781803892.091883 sending message 112 to peer 0x652771225230 (13 bytes)
1781803892.091886 sending message 112 to peer 0x652771225230 (13 bytes)
1781803892.091890 sending message 112 to peer 0x652771225230 (13 bytes)
1781803892.091894 sending message 112 to peer 0x652771225230 (13 bytes)
1781803892.091897 sending message 112 to peer 0x652771225230 (8 bytes)
1781803892.091901 sending message 112 to peer 0x652771225230 (11 bytes)
1781803892.091904 sending message 112 to peer 0x652771225230 (11 bytes)
1781803892.091908 sending message 112 to peer 0x652771225230 (11 bytes)
1781803892.091911 sending message 112 to peer 0x652771225230 (12 bytes)
1781803892.091915 sending message 112 to peer 0x652771225230 (12 bytes)
1781803892.091919 sending message 112 to peer 0x652771225230 (12 bytes)
1781803892.091922 sending message 112 to peer 0x652771225230 (12 bytes)
1781803892.091926 sending message 112 to peer 0x652771225230 (13 bytes)
1781803892.091929 sending message 112 to peer 0x652771225230 (13 bytes)
1781803892.091933 sending message 112 to peer 0x652771225230 (13 bytes)
1781803892.091936 sending message 112 to peer 0x652771225230 (8 bytes)
1781803892.091940 sending message 112 to peer 0x652771225230 (13 bytes)
1781803892.091943 sending message 112 to peer 0x652771225230 (13 bytes)
1781803892.091947 sending message 112 to peer 0x652771225230 (13 bytes)
1781803892.091950 sending message 112 to peer 0x652771225230 (13 bytes)
1781803892.091954 sending message 112 to peer 0x652771225230 (13 bytes)
1781803892.091958 sending message 112 to peer 0x652771225230 (12 bytes)
1781803892.091961 sending message 112 to peer 0x652771225230 (12 bytes)
1781803892.091965 sending message 112 to peer 0x652771225230 (12 bytes)
1781803892.091968 sending message 112 to peer 0x652771225230 (12 bytes)
1781803892.091972 sending message 112 to peer 0x652771225230 (13 bytes)
1781803892.091976 sending message 112 to peer 0x652771225230 (8 bytes)
1781803892.091979 sending message 112 to peer 0x652771225230 (13 bytes)
1781803892.091983 sending message 112 to peer 0x652771225230 (13 bytes)
1781803892.091987 sending message 112 to peer 0x652771225230 (13 bytes)
1781803892.091990 sending message 112 to peer 0x652771225230 (13 bytes)
1781803892.091994 sending message 112 to peer 0x652771225230 (13 bytes)
1781803892.091997 sending message 112 to peer 0x652771225230 (13 bytes)
1781803892.092001 sending message 112 to peer 0x652771225230 (13 bytes)
1781803892.092004 sending message 112 to peer 0x652771225230 (12 bytes)
1781803892.092008 sending message 112 to peer 0x652771225230 (12 bytes)
1781803892.092016 sending message 112 to peer 0x652771225230 (12 bytes)
1781803892.092019 sending message 112 to peer 0x652771225230 (8 bytes)
1781803892.092023 sending message 112 to peer 0x652771225230 (12 bytes)
1781803892.092027 sending message 112 to peer 0x652771225230 (13 bytes)
1781803892.092030 sending message 112 to peer 0x652771225230 (13 bytes)
1781803892.092034 sending message 112 to peer 0x652771225230 (13 bytes)
1781803892.092037 sending message 112 to peer 0x652771225230 (13 bytes)
1781803892.092041 sending message 112 to peer 0x652771225230 (13 bytes)
1781803892.092044 sending message 112 to peer 0x652771225230 (13 bytes)
1781803892.092048 sending message 112 to peer 0x652771225230 (13 bytes)
1781803892.092051 sending message 112 to peer 0x652771225230 (13 bytes)
1781803892.092055 sending message 112 to peer 0x652771225230 (12 bytes)
1781803892.092058 sending message 112 to peer 0x652771225230 (10 bytes)
1781803892.092062 sending message 112 to peer 0x652771225230 (12 bytes)
1781803892.092065 sending message 112 to peer 0x652771225230 (12 bytes)
1781803892.092069 sending message 112 to peer 0x652771225230 (12 bytes)
1781803892.092072 sending message 112 to peer 0x652771225230 (13 bytes)
1781803892.092076 sending message 112 to peer 0x652771225230 (13 bytes)
1781803892.092080 sending message 112 to peer 0x652771225230 (13 bytes)
1781803892.092083 sending message 112 to peer 0x652771225230 (13 bytes)
1781803892.092087 sending message 112 to peer 0x652771225230 (13 bytes)
1781803892.092090 sending message 112 to peer 0x652771225230 (13 bytes)
1781803892.092094 sending message 112 to peer 0x652771225230 (13 bytes)
1781803892.092097 sending message 112 to peer 0x652771225230 (10 bytes)
1781803892.092101 sending message 112 to peer 0x652771225230 (13 bytes)
1781803892.092104 sending message 112 to peer 0x652771225230 (12 bytes)
1781803892.092108 sending message 112 to peer 0x652771225230 (12 bytes)
1781803892.092111 sending message 112 to peer 0x652771225230 (12 bytes)
1781803892.092115 sending message 112 to peer 0x652771225230 (10 bytes)
1781803892.092118 sending message 112 to peer 0x652771225230 (10 bytes)
1781803892.092122 sending message 112 to peer 0x652771225230 (10 bytes)
1781803892.092125 sending message 112 to peer 0x652771225230 (12 bytes)
1781803892.092129 sending message 112 to peer 0x652771225230 (13 bytes)
1781803892.092132 sending message 112 to peer 0x652771225230 (13 bytes)
1781803892.092136 sending message 112 to peer 0x652771225230 (13 bytes)
1781803892.092139 sending message 112 to peer 0x652771225230 (13 bytes)
1781803892.092143 sending message 112 to peer 0x652771225230 (13 bytes)
1781803892.092147 sending message 112 to peer 0x652771225230 (10 bytes)
1781803892.092150 sending message 112 to peer 0x652771225230 (11 bytes)
1781803892.092296 sending message 112 to peer 0x652771225230 (12 bytes)
1781803892.092312 sending message 112 to peer 0x652771225230 (12 bytes)
1781803892.092315 sending message 112 to peer 0x652771225230 (12 bytes)
1781803892.092319 sending message 112 to peer 0x652771225230 (12 bytes)
1781803892.092323 sending message 112 to peer 0x652771225230 (12 bytes)
1781803892.092326 sending message 112 to peer 0x652771225230 (11 bytes)
1781803892.092330 sending message 112 to peer 0x652771225230 (12 bytes)
1781803892.092333 sending message 112 to peer 0x652771225230 (12 bytes)
1781803892.092337 sending message 112 to peer 0x652771225230 (13 bytes)
1781803892.092341 sending message 112 to peer 0x652771225230 (13 bytes)
1781803892.092344 sending message 112 to peer 0x652771225230 (13 bytes)
1781803892.092348 sending message 112 to peer 0x652771225230 (13 bytes)
1781803892.092351 sending message 112 to peer 0x652771225230 (13 bytes)
1781803892.092355 sending message 112 to peer 0x652771225230 (10 bytes)
1781803892.092359 sending message 112 to peer 0x652771225230 (9 bytes)
1781803892.092362 sending message 112 to peer 0x652771225230 (12 bytes)
1781803892.092366 sending message 112 to peer 0x652771225230 (13 bytes)
1781803892.092370 sending message 112 to peer 0x652771225230 (13 bytes)
1781803892.092380 sending message 112 to peer 0x652771225230 (13 bytes)
1781803892.092384 sending message 112 to peer 0x652771225230 (13 bytes)
1781803892.092388 sending message 112 to peer 0x652771225230 (13 bytes)
1781803892.092391 sending message 112 to peer 0x652771225230 (9 bytes)
1781803892.092395 sending message 112 to peer 0x652771225230 (12 bytes)
1781803892.092398 sending message 112 to peer 0x652771225230 (13 bytes)
1781803892.092402 sending message 112 to peer 0x652771225230 (13 bytes)
1781803892.092406 sending message 112 to peer 0x652771225230 (13 bytes)
1781803892.092409 sending message 112 to peer 0x652771225230 (13 bytes)
1781803892.092413 sending message 112 to peer 0x652771225230 (13 bytes)
1781803892.092416 sending message 112 to peer 0x652771225230 (11 bytes)
1781803892.092420 sending message 112 to peer 0x652771225230 (12 bytes)
1781803892.092424 sending message 112 to peer 0x652771225230 (13 bytes)
1781803892.092427 sending message 112 to peer 0x652771225230 (13 bytes)
1781803892.092431 sending message 112 to peer 0x652771225230 (13 bytes)
1781803892.092434 sending message 112 to peer 0x652771225230 (13 bytes)
1781803892.092438 sending message 112 to peer 0x652771225230 (13 bytes)
1781803892.092442 sending message 112 to peer 0x652771225230 (11 bytes)
1781803892.092445 sending message 112 to peer 0x652771225230 (12 bytes)
1781803892.092449 sending message 112 to peer 0x652771225230 (12 bytes)
1781803892.092453 sending message 112 to peer 0x652771225230 (12 bytes)
1781803892.092456 sending message 112 to peer 0x652771225230 (12 bytes)
1781803892.092460 sending message 112 to peer 0x652771225230 (12 bytes)
1781803892.092463 sending message 112 to peer 0x652771225230 (21 bytes)
1781803892.092467 sending message 112 to peer 0x652771225230 (12 bytes)
1781803892.092471 sending message 112 to peer 0x652771225230 (9 bytes)
1781803892.092475 sending message 112 to peer 0x652771225230 (6 bytes)
1781803892.092479 sending message 112 to peer 0x652771225230 (13 bytes)
1781803892.092483 sending message 112 to peer 0x652771225230 (10 bytes)
1781803892.092487 sending message 112 to peer 0x652771225230 (24 bytes)
1781803892.092491 sending message 112 to peer 0x652771225230 (13 bytes)
1781803892.092494 sending message 112 to peer 0x652771225230 (9 bytes)
1781803892.092498 sending message 112 to peer 0x652771225230 (70 bytes)
1781803892.092502 sending message 112 to peer 0x652771225230 (69 bytes)
1781803892.092506 sending message 112 to peer 0x652771225230 (12 bytes)
1781803892.092509 sending message 112 to peer 0x652771225230 (10 bytes)
1781803892.092513 sending message 112 to peer 0x652771225230 (10 bytes)
1781803892.092517 sending message 112 to peer 0x652771225230 (24 bytes)
1781803892.092520 sending message 112 to peer 0x652771225230 (13 bytes)
1781803892.092524 sending message 112 to peer 0x652771225230 (10 bytes)
1781803892.092529 sending message 112 to peer 0x652771225230 (10 bytes)
1781803892.092533 sending message 112 to peer 0x652771225230 (10 bytes)
1781803892.092537 sending message 112 to peer 0x652771225230 (13 bytes)
1781803892.092541 sending message 112 to peer 0x652771225230 (15 bytes)
1781803892.092544 sending message 112 to peer 0x652771225230 (5 bytes)
1781803892.092550 sending message 104 to peer 0x652771225230 (0 bytes)
1781803892.092554 sending message 110 to peer 0x652771225230 (0 bytes)
1781803892.092560 sending message 107 to peer 0x652771225230 (4 bytes)
1781803892.092564 sending message 105 to peer 0x652771225230 (16 bytes)
1781803892.092568 sending message 105 to peer 0x652771225230 (64 bytes)
1781803892.092572 sending message 105 to peer 0x652771225230 (24 bytes)
1781803892.092576 sending message 105 to peer 0x652771225230 (23 bytes)
1781803892.092580 sending message 105 to peer 0x652771225230 (48 bytes)
1781803892.092584 sending message 105 to peer 0x652771225230 (15 bytes)
1781803892.092588 sending message 105 to peer 0x652771225230 (40 bytes)
1781803892.092592 sending message 105 to peer 0x652771225230 (17 bytes)
1781803892.092596 sending message 105 to peer 0x652771225230 (20 bytes)
1781803892.092604 sending message 105 to peer 0x652771225230 (17 bytes)
1781803892.092608 sending message 105 to peer 0x652771225230 (36 bytes)
1781803892.092612 sending message 105 to peer 0x652771225230 (24 bytes)
1781803892.092615 sending message 105 to peer 0x652771225230 (26 bytes)
1781803892.092619 sending message 105 to peer 0x652771225230 (28 bytes)
1781803892.092623 sending message 105 to peer 0x652771225230 (34 bytes)
1781803892.092627 sending message 105 to peer 0x652771225230 (20 bytes)
1781803892.092631 sending message 105 to peer 0x652771225230 (32 bytes)
1781803892.092635 sending message 105 to peer 0x652771225230 (14 bytes)
1781803892.092638 sending message 105 to peer 0x652771225230 (11 bytes)
1781803892.092642 sending message 105 to peer 0x652771225230 (8 bytes)
1781803892.092646 sending message 105 to peer 0x652771225230 (14 bytes)
1781803892.092650 sending message 105 to peer 0x652771225230 (31 bytes)
1781803892.092653 sending message 105 to peer 0x652771225230 (44 bytes)
1781803892.092657 sending message 105 to peer 0x652771225230 (33 bytes)
1781803892.092661 sending message 105 to peer 0x652771225230 (65 bytes)
1781803892.092666 sending message 105 to peer 0x652771225230 (1434 bytes)
1781803892.092688 sending message 105 to peer 0x652771225230 (54 bytes)
1781803892.092692 sending message 105 to peer 0x652771225230 (55 bytes)
1781803892.092696 sending message 105 to peer 0x652771225230 (16 bytes)
1781803892.092700 sending message 105 to peer 0x652771225230 (40 bytes)
1781803892.092704 sending message 105 to peer 0x652771225230 (53 bytes)
1781803892.092708 sending message 105 to peer 0x652771225230 (43 bytes)
1781803892.092711 sending message 105 to peer 0x652771225230 (16 bytes)
1781803892.092715 sending message 105 to peer 0x652771225230 (30 bytes)
1781803892.092719 sending message 105 to peer 0x652771225230 (11 bytes)
1781803892.092723 sending message 105 to peer 0x652771225230 (8 bytes)
1781803892.092726 sending message 105 to peer 0x652771225230 (32 bytes)
1781803892.092730 sending message 106 to peer 0x652771225230 (0 bytes)
1781803892.092813 sending message 200 to peer 0x652771225230 (4 bytes)
1781803892.092817 client loop enter
1781803892.092842 client_signal: Child exited
1781803892.184171 peer 0x652771225230 message 207
1781803892.184182 sending message 208 to peer 0x652771225230 (0 bytes)
1781803947.433462 client_signal: Window changed
1781803947.433491 sending message 208 to peer 0x652771225230 (0 bytes)
1781803949.940805 client_signal: Window changed
1781803949.940832 sending message 208 to peer 0x652771225230 (0 bytes)
1781803950.281906 client_signal: Window changed
1781803950.281940 sending message 208 to peer 0x652771225230 (0 bytes)
1781806855.626152 client loop exit
